<?xml version="1.0" encoding="UTF-8"?>
<testng-results ignored="0" total="3" passed="2" failed="0" skipped="1">
  <reporter-output>
  </reporter-output>
  <suite started-at="2025-09-08T16:24:56 IST" name="Default suite" finished-at="2025-09-08T16:25:48 IST" duration-ms="52036">
    <groups>
    </groups>
    <test started-at="2025-09-08T16:24:56 IST" name="Default test" finished-at="2025-09-08T16:25:48 IST" duration-ms="52036">
      <class name="test.LoginTest">
        <test-method is-config="true" signature="setUp(java.lang.reflect.Method)[pri:0, instance:test.LoginTest@72967906]" started-at="2025-09-08T16:24:56 IST" name="setUp" finished-at="2025-09-08T16:25:05 IST" duration-ms="9037" status="PASS">
          <params>
            <param index="0">
              <value>
                <![CDATA[public void test.LoginTest.Logintest1()]]>
              </value>
            </param>
          </params>
          <reporter-output>
          </reporter-output>
        </test-method> <!-- setUp -->
        <test-method signature="Logintest1()[pri:0, instance:test.LoginTest@72967906]" started-at="2025-09-08T16:25:05 IST" name="Logintest1" finished-at="2025-09-08T16:25:27 IST" duration-ms="21326" status="PASS">
          <reporter-output>
          </reporter-output>
        </test-method> <!-- Logintest1 -->
        <test-method is-config="true" signature="tearDown(org.testng.ITestResult)[pri:0, instance:test.LoginTest@72967906]" started-at="2025-09-08T16:25:27 IST" name="tearDown" finished-at="2025-09-08T16:25:28 IST" duration-ms="1245" status="PASS">
          <params>
            <param index="0">
              <value>
                <![CDATA[[TestResult name=Logintest1 status=SUCCESS method=LoginTest.Logintest1()[pri:0, instance:test.LoginTest@72967906] output={null}]]]>
              </value>
            </param>
          </params>
          <reporter-output>
          </reporter-output>
        </test-method> <!-- tearDown -->
        <test-method is-config="true" signature="setUp(java.lang.reflect.Method)[pri:0, instance:test.LoginTest@72967906]" started-at="2025-09-08T16:25:28 IST" name="setUp" finished-at="2025-09-08T16:25:31 IST" duration-ms="3394" status="PASS">
          <params>
            <param index="0">
              <value>
                <![CDATA[public void test.LoginTest.Logintest2()]]>
              </value>
            </param>
          </params>
          <reporter-output>
          </reporter-output>
        </test-method> <!-- setUp -->
        <test-method signature="Logintest2()[pri:0, instance:test.LoginTest@72967906]" started-at="2025-09-08T16:25:31 IST" name="Logintest2" finished-at="2025-09-08T16:25:31 IST" duration-ms="3" status="SKIP">
          <exception class="org.testng.SkipException">
            <message>
              <![CDATA[Skipping this test]]>
            </message>
            <full-stacktrace>
              <![CDATA[org.testng.SkipException: Skipping this test
at test.LoginTest.Logintest2(LoginTest.java:38)
at java.base/jdk.internal.reflect.DirectMethodHandleAccessor.invoke(DirectMethodHandleAccessor.java:103)
at java.base/java.lang.reflect.Method.invoke(Method.java:580)
at org.testng.internal.invokers.MethodInvocationHelper.invokeMethod(MethodInvocationHelper.java:141)
at org.testng.internal.invokers.TestInvoker.invokeMethod(TestInvoker.java:687)
at org.testng.internal.invokers.TestInvoker.invokeTestMethod(TestInvoker.java:230)
at org.testng.internal.invokers.MethodRunner.runInSequence(MethodRunner.java:63)
at org.testng.internal.invokers.TestInvoker$MethodInvocationAgent.invoke(TestInvoker.java:995)
at org.testng.internal.invokers.TestInvoker.invokeTestMethods(TestInvoker.java:203)
at org.testng.internal.invokers.TestMethodWorker.invokeTestMethods(TestMethodWorker.java:154)
at org.testng.internal.invokers.TestMethodWorker.run(TestMethodWorker.java:134)
at java.base/java.util.ArrayList.forEach(ArrayList.java:1596)
at org.testng.TestRunner.privateRun(TestRunner.java:741)
at org.testng.TestRunner.run(TestRunner.java:616)
at org.testng.SuiteRunner.runTest(SuiteRunner.java:421)
at org.testng.SuiteRunner.runSequentially(SuiteRunner.java:413)
at org.testng.SuiteRunner.privateRun(SuiteRunner.java:373)
at org.testng.SuiteRunner.run(SuiteRunner.java:312)
at org.testng.SuiteRunnerWorker.runSuite(SuiteRunnerWorker.java:52)
at org.testng.SuiteRunnerWorker.run(SuiteRunnerWorker.java:95)
at org.testng.TestNG.runSuitesSequentially(TestNG.java:1274)
at org.testng.TestNG.runSuitesLocally(TestNG.java:1208)
at org.testng.TestNG.runSuites(TestNG.java:1112)
at org.testng.TestNG.run(TestNG.java:1079)
at org.testng.remote.AbstractRemoteTestNG.run(AbstractRemoteTestNG.java:115)
at org.testng.remote.RemoteTestNG.initAndRun(RemoteTestNG.java:293)
at org.testng.remote.RemoteTestNG.main(RemoteTestNG.java:91)
]]>
            </full-stacktrace>
          </exception> <!-- org.testng.SkipException -->
          <reporter-output>
          </reporter-output>
        </test-method> <!-- Logintest2 -->
        <test-method is-config="true" signature="tearDown(org.testng.ITestResult)[pri:0, instance:test.LoginTest@72967906]" started-at="2025-09-08T16:25:31 IST" name="tearDown" finished-at="2025-09-08T16:25:32 IST" duration-ms="480" status="PASS">
          <params>
            <param index="0">
              <value>
                <![CDATA[[TestResult name=Logintest2 status=SKIP method=LoginTest.Logintest2()[pri:0, instance:test.LoginTest@72967906] output={null}]]]>
              </value>
            </param>
          </params>
          <reporter-output>
          </reporter-output>
        </test-method> <!-- tearDown -->
        <test-method is-config="true" signature="setUp(java.lang.reflect.Method)[pri:0, instance:test.LoginTest@72967906]" started-at="2025-09-08T16:25:32 IST" name="setUp" finished-at="2025-09-08T16:25:35 IST" duration-ms="2970" status="PASS">
          <params>
            <param index="0">
              <value>
                <![CDATA[public void test.LoginTest.Logintest3()]]>
              </value>
            </param>
          </params>
          <reporter-output>
          </reporter-output>
        </test-method> <!-- setUp -->
        <test-method signature="Logintest3()[pri:0, instance:test.LoginTest@72967906]" started-at="2025-09-08T16:25:35 IST" name="Logintest3" finished-at="2025-09-08T16:25:48 IST" duration-ms="13010" status="PASS">
          <reporter-output>
          </reporter-output>
        </test-method> <!-- Logintest3 -->
        <test-method is-config="true" signature="tearDown(org.testng.ITestResult)[pri:0, instance:test.LoginTest@72967906]" started-at="2025-09-08T16:25:48 IST" name="tearDown" finished-at="2025-09-08T16:25:48 IST" duration-ms="497" status="PASS">
          <params>
            <param index="0">
              <value>
                <![CDATA[[TestResult name=Logintest3 status=SUCCESS method=LoginTest.Logintest3()[pri:0, instance:test.LoginTest@72967906] output={null}]]]>
              </value>
            </param>
          </params>
          <reporter-output>
          </reporter-output>
        </test-method> <!-- tearDown -->
      </class> <!-- test.LoginTest -->
    </test> <!-- Default test -->
  </suite> <!-- Default suite -->
</testng-results>
