<?xml version="1.0" encoding="UTF-8"?>
<!-- Generated by org.testng.reporters.JUnitXMLReporter -->
<testsuite ignored="0" hostname="Renuka-A" failures="0" tests="3" name="Default test" time="52.036" errors="0" timestamp="2025-09-08T16:25:48 IST">
  <testcase classname="test.LoginTest" name="Logintest1" time="21.326"/>
  <testcase classname="test.LoginTest" name="Logintest2" time="0.003">
    <skipped/>
  </testcase> <!-- Logintest2 -->
  <testcase classname="test.LoginTest" name="Logintest3" time="13.01"/>
</testsuite> <!-- Default test -->
